<?xml version="1.0" encoding="UTF-8"?>
<!-- Generated by org.testng.reporters.JUnitReportReporter -->
<testsuite hostname="DESKTOP-GQK9352" failures="0" tests="1" name="Tests.WaitsTests" time="12.744" errors="0" timestamp="2025-03-06T02:49:59 PKT" skipped="0">
  <testcase classname="Tests.WaitsTests" name="TestWaitToElementVisisble" time="12.744"/>
</testsuite> <!-- Tests.WaitsTests -->
